<?xml version="1.0" encoding="UTF-8"?>
<!-- Generated by org.testng.reporters.JUnitReportReporter -->
<testsuite skipped="0" hostname="ADMIN-PC" name="guru99.gittest.AppTest" tests="1" failures="0" timestamp="06 Feb 2018 10:30:58 GMT" time="0.047" errors="0">
  <testcase name="testCase1" time="0.047" classname="guru99.gittest.AppTest"/>
</testsuite> <!-- guru99.gittest.AppTest -->
